2023-05-27 12:03:15,615 - Online Current Ampere: 5, Charge Limit: 100, Charge Status: Charging, Battery Lvl: 91
2023-05-27 12:03:16,676 - Vehicle not at home. Doing nothing
2023-05-27 12:03:28,247 - Online Current Ampere: 5, Charge Limit: 100, Charge Status: Charging, Battery Lvl: 91
2023-05-27 12:03:29,119 - Vehicle not at home. Doing nothing
2023-05-27 12:03:50,464 - Online Current Ampere: 5, Charge Limit: 100, Charge Status: Charging, Battery Lvl: 91
2023-05-27 12:05:57,609 - Online Current Ampere: 5, Charge Limit: 100, Charge Status: Stopped, Battery Lvl: 91
2023-05-27 12:05:59,122 - Kilowatt PV-Anlage: 3.0 -> Ampere Roundend: 4, Approx KW:2.75
2023-05-27 12:06:01,102 - Setting Ampere: 4
2023-05-27 12:06:12,379 - Online Current Ampere: 4, Charge Limit: 100, Charge Status: Charging, Battery Lvl: 91
2023-05-27 12:06:13,148 - Kilowatt PV-Anlage: 3.0 -> Ampere Roundend: 4, Approx KW:2.75
2023-05-27 12:06:13,541 - Did not change. Not Setting a value
2023-05-27 12:06:25,434 - Online Current Ampere: 4, Charge Limit: 100, Charge Status: Charging, Battery Lvl: 91
2023-05-27 12:06:26,569 - Kilowatt PV-Anlage: 3.0 -> Ampere Roundend: 4, Approx KW:2.75
2023-05-27 12:06:27,116 - Did not change. Not Setting a value
2023-05-27 12:06:38,088 - Online Current Ampere: 4, Charge Limit: 100, Charge Status: Charging, Battery Lvl: 91
2023-05-27 12:06:39,991 - Kilowatt PV-Anlage: 3.0 -> Ampere Roundend: 4, Approx KW:2.75
2023-05-27 19:53:20,981 - Sleeping, can not set charge!
2023-05-27 19:53:53,028 - Sleeping, can not set charge!
2023-05-27 19:54:00,456 - Online Current Ampere: 6, Charge Limit: 100, Charge Status: Charging, Battery Lvl: 67
2023-05-27 19:54:01,775 - Kilowatt PV-Anlage: 0.227 -> Ampere Roundend: 1, Approx KW:0.6875
2023-05-27 19:54:01,949 - stop charging
2023-05-27 19:54:02,104 - sleeping after stopcharge 300
2023-05-27 20:05:15,115 - Online Current Ampere: 6, Charge Limit: 100, Charge Status: Stopped, Battery Lvl: 66
2023-05-27 20:05:17,138 - Kilowatt PV-Anlage: 0.197 -> Ampere Roundend: 1, Approx KW:0.6875
2023-05-27 20:05:17,331 - sleeping after stopcharge 300
2023-05-27 20:11:17,821 - Online Current Ampere: 6, Charge Limit: 100, Charge Status: Stopped, Battery Lvl: 66
2023-05-27 20:11:18,066 - 'drive_state'
2023-05-27 20:12:19,169 - Online Current Ampere: 6, Charge Limit: 100, Charge Status: Stopped, Battery Lvl: 66
2023-05-27 20:12:19,757 - 'drive_state'
2023-05-27 20:13:20,937 - Online Current Ampere: 6, Charge Limit: 100, Charge Status: Stopped, Battery Lvl: 66
2023-05-27 20:13:21,255 - 'drive_state'
2023-05-27 20:14:22,184 - Online Current Ampere: 6, Charge Limit: 100, Charge Status: Stopped, Battery Lvl: 66
2023-05-27 20:14:22,427 - 'drive_state'
