2023-05-30 17:34:26,421 - Online Current Ampere: 16, Charge Limit: 100, Charge Status: Disconnected, Battery Lvl: 100
2023-05-30 17:34:29,497 - setting brightness to 50
2023-05-30 17:34:29,507 - Kilowatt PV-Anlage: 2.414 -> Ampere Roundend: 3, Approx KW:2.0625
2023-05-30 17:34:30,446 - Charger disconnected, can not set charge!
2023-05-30 17:34:56,709 - Online Current Ampere: 16, Charge Limit: 100, Charge Status: Disconnected, Battery Lvl: 100
2023-05-30 17:34:56,904 - setting brightness to 50
2023-05-30 17:34:56,925 - Kilowatt PV-Anlage: 2.414 -> Ampere Roundend: 3, Approx KW:2.0625
2023-05-30 17:34:57,262 - Charger disconnected, can not set charge!
2023-05-30 17:35:13,438 - Online Current Ampere: 16, Charge Limit: 100, Charge Status: Disconnected, Battery Lvl: 100
2023-05-30 17:35:13,801 - setting brightness to 50
2023-05-30 17:35:13,814 - Kilowatt PV-Anlage: 2.414 -> Ampere Roundend: 3, Approx KW:2.0625
2023-05-30 17:35:14,071 - Charger disconnected, can not set charge!
2023-05-30 17:35:30,642 - Online Current Ampere: 16, Charge Limit: 100, Charge Status: Disconnected, Battery Lvl: 100
2023-05-30 17:35:30,971 - setting brightness to 50
2023-05-30 17:35:30,999 - Kilowatt PV-Anlage: 2.414 -> Ampere Roundend: 3, Approx KW:2.0625
2023-05-30 17:35:31,254 - Charger disconnected, can not set charge!
2023-05-30 17:35:48,097 - Online Current Ampere: 16, Charge Limit: 100, Charge Status: Disconnected, Battery Lvl: 100
2023-05-30 17:35:48,519 - setting brightness to 50
2023-05-30 17:35:48,537 - Kilowatt PV-Anlage: 2.414 -> Ampere Roundend: 3, Approx KW:2.0625
2023-05-30 17:35:48,662 - Charger disconnected, can not set charge!
2023-05-30 17:36:05,511 - Online Current Ampere: 16, Charge Limit: 100, Charge Status: Disconnected, Battery Lvl: 100
2023-05-30 17:36:05,777 - setting brightness to 47
2023-05-30 17:36:05,806 - Kilowatt PV-Anlage: 2.306 -> Ampere Roundend: 3, Approx KW:2.0625
2023-05-30 17:36:06,205 - Charger disconnected, can not set charge!
2023-05-30 17:36:22,544 - Online Current Ampere: 16, Charge Limit: 100, Charge Status: Disconnected, Battery Lvl: 100
2023-05-30 17:36:22,896 - setting brightness to 47
2023-05-30 17:36:22,916 - Kilowatt PV-Anlage: 2.306 -> Ampere Roundend: 3, Approx KW:2.0625
2023-05-30 17:36:24,197 - Charger disconnected, can not set charge!
2023-05-30 17:36:42,480 - Online Current Ampere: 16, Charge Limit: 100, Charge Status: Disconnected, Battery Lvl: 100
2023-05-30 17:36:42,848 - setting brightness to 45
2023-05-30 17:36:42,881 - Kilowatt PV-Anlage: 2.212 -> Ampere Roundend: 3, Approx KW:2.0625
2023-05-30 17:36:43,151 - Charger disconnected, can not set charge!
2023-05-30 17:36:59,677 - Online Current Ampere: 16, Charge Limit: 100, Charge Status: Disconnected, Battery Lvl: 100
2023-05-30 17:37:00,066 - setting brightness to 45
2023-05-30 17:37:00,080 - Kilowatt PV-Anlage: 2.212 -> Ampere Roundend: 3, Approx KW:2.0625
2023-05-30 17:37:00,476 - Charger disconnected, can not set charge!
2023-05-30 17:37:15,697 - Sleeping, trying to wake up
2023-05-30 17:37:34,605 - Online Current Ampere: 16, Charge Limit: 100, Charge Status: Disconnected, Battery Lvl: 100
2023-05-30 17:37:34,827 - setting brightness to 45
2023-05-30 17:37:34,845 - Kilowatt PV-Anlage: 2.212 -> Ampere Roundend: 3, Approx KW:2.0625
2023-05-30 17:37:35,155 - Charger disconnected, can not set charge!
